0 info it worked if it ends with ok
1 verbose cli [ '/home/ubuntu/.nvm/v0.10.35/bin/node',
1 verbose cli   '/home/ubuntu/.nvm/v0.10.35/bin/npm',
1 verbose cli   'install',
1 verbose cli   '--save',
1 verbose cli   'socket.io' ]
2 info using npm@1.4.28
3 info using node@v0.10.35
4 warn package.json agar-bots@1.0.0 No description
5 warn package.json agar-bots@1.0.0 No repository field.
6 warn package.json agar-bots@1.0.0 No README data
7 verbose readDependencies using package.json deps
8 verbose cache add [ 'socket.io', null ]
9 verbose cache add name=undefined spec="socket.io" args=["socket.io",null]
10 verbose parsed url { protocol: null,
10 verbose parsed url   slashes: null,
10 verbose parsed url   auth: null,
10 verbose parsed url   host: null,
10 verbose parsed url   port: null,
10 verbose parsed url   hostname: null,
10 verbose parsed url   hash: null,
10 verbose parsed url   search: null,
10 verbose parsed url   query: null,
10 verbose parsed url   pathname: 'socket.io',
10 verbose parsed url   path: 'socket.io',
10 verbose parsed url   href: 'socket.io' }
11 silly lockFile 71475bfd-socket-io socket.io
12 verbose lock socket.io /home/ubuntu/.npm/71475bfd-socket-io.lock
13 silly lockFile 71475bfd-socket-io socket.io
14 silly lockFile 71475bfd-socket-io socket.io
15 verbose addNamed [ 'socket.io', '' ]
16 verbose addNamed [ null, '*' ]
17 silly lockFile c03de861-socket-io socket.io@
18 verbose lock socket.io@ /home/ubuntu/.npm/c03de861-socket-io.lock
19 silly addNameRange { name: 'socket.io', range: '*', hasData: false }
20 verbose request where is /socket.io
21 verbose request registry https://registry.npmjs.org/
22 verbose request id 0852c8f5c00496f6
23 verbose url raw /socket.io
24 verbose url resolving [ 'https://registry.npmjs.org/', './socket.io' ]
25 verbose url resolved https://registry.npmjs.org/socket.io
26 verbose request where is https://registry.npmjs.org/socket.io
27 info trying registry request attempt 1 at 11:36:26
28 verbose etag "BF7WMNDJFQQF5R4WJVTULN261"
29 http GET https://registry.npmjs.org/socket.io
30 http 304 https://registry.npmjs.org/socket.io
31 silly registry.get cb [ 304,
31 silly registry.get   { date: 'Tue, 12 Jan 2016 11:36:26 GMT',
31 silly registry.get     via: '1.1 varnish',
31 silly registry.get     'cache-control': 'max-age=300',
31 silly registry.get     etag: '"BF7WMNDJFQQF5R4WJVTULN261"',
31 silly registry.get     age: '0',
31 silly registry.get     connection: 'keep-alive',
31 silly registry.get     'x-served-by': 'cache-hkg6825-HKG',
31 silly registry.get     'x-cache': 'HIT',
31 silly registry.get     'x-cache-hits': '1',
31 silly registry.get     'x-timer': 'S1452598586.604334,VS0,VE720',
31 silly registry.get     vary: 'Accept' } ]
32 verbose etag https://registry.npmjs.org/socket.io from cache
33 silly addNameRange number 2 { name: 'socket.io', range: '*', hasData: true }
34 silly addNameRange versions [ 'socket.io',
34 silly addNameRange   [ '0.3.8',
34 silly addNameRange     '0.4.0',
34 silly addNameRange     '0.4.1',
34 silly addNameRange     '0.5.1',
34 silly addNameRange     '0.5.3',
34 silly addNameRange     '0.6.0',
34 silly addNameRange     '0.6.1',
34 silly addNameRange     '0.6.3',
34 silly addNameRange     '0.6.4',
34 silly addNameRange     '0.6.5',
34 silly addNameRange     '0.6.6',
34 silly addNameRange     '0.6.7',
34 silly addNameRange     '0.6.8',
34 silly addNameRange     '0.6.9',
34 silly addNameRange     '0.6.10',
34 silly addNameRange     '0.6.11',
34 silly addNameRange     '0.6.12',
34 silly addNameRange     '0.6.14',
34 silly addNameRange     '0.6.15',
34 silly addNameRange     '0.6.16',
34 silly addNameRange     '0.6.17',
34 silly addNameRange     '0.6.18',
34 silly addNameRange     '0.7.0',
34 silly addNameRange     '0.7.1',
34 silly addNameRange     '0.7.2',
34 silly addNameRange     '0.7.3',
34 silly addNameRange     '0.7.4',
34 silly addNameRange     '0.7.5',
34 silly addNameRange     '0.7.6',
34 silly addNameRange     '0.7.7',
34 silly addNameRange     '0.7.8',
34 silly addNameRange     '0.7.9',
34 silly addNameRange     '0.7.10',
34 silly addNameRange     '0.7.11',
34 silly addNameRange     '0.8.0',
34 silly addNameRange     '0.8.1',
34 silly addNameRange     '0.8.2',
34 silly addNameRange     '0.8.3',
34 silly addNameRange     '0.8.4',
34 silly addNameRange     '0.8.5',
34 silly addNameRange     '0.8.6',
34 silly addNameRange     '0.8.7',
34 silly addNameRange     '0.9.0',
34 silly addNameRange     '0.9.1',
34 silly addNameRange     '0.9.1-1',
34 silly addNameRange     '0.9.2',
34 silly addNameRange     '0.9.3',
34 silly addNameRange     '0.9.4',
34 silly addNameRange     '0.9.5',
34 silly addNameRange     '0.9.6',
34 silly addNameRange     '0.9.7',
34 silly addNameRange     '0.9.8',
34 silly addNameRange     '0.9.9',
34 silly addNameRange     '0.9.10',
34 silly addNameRange     '0.9.11',
34 silly addNameRange     '0.9.12',
34 silly addNameRange     '0.9.13',
34 silly addNameRange     '0.9.14',
34 silly addNameRange     '0.9.15',
34 silly addNameRange     '0.9.16',
34 silly addNameRange     '1.0.0-pre',
34 silly addNameRange     '1.0.0-pre2',
34 silly addNameRange     '1.0.0-pre3',
34 silly addNameRange     '1.0.0-pre4',
34 silly addNameRange     '1.0.0-pre5',
34 silly addNameRange     '0.9.17',
34 silly addNameRange     '1.0.0',
34 silly addNameRange     '1.0.1',
34 silly addNameRange     '1.0.2',
34 silly addNameRange     '1.0.3',
34 silly addNameRange     '1.0.4',
34 silly addNameRange     '1.0.5',
34 silly addNameRange     '1.0.6',
34 silly addNameRange     '1.1.0',
34 silly addNameRange     '1.2.0',
34 silly addNameRange     '1.2.1',
34 silly addNameRange     '1.3.0',
34 silly addNameRange     '1.3.1',
34 silly addNameRange     '1.3.2',
34 silly addNameRange     '1.3.3',
34 silly addNameRange     '1.3.4',
34 silly addNameRange     '1.3.5',
34 silly addNameRange     '1.3.6',
34 silly addNameRange     '1.3.7',
34 silly addNameRange     '1.4.0',
34 silly addNameRange     '1.4.1',
34 silly addNameRange     '1.4.2',
34 silly addNameRange     '1.4.3',
34 silly addNameRange     '1.4.4' ] ]
35 verbose addNamed [ 'socket.io', '1.4.4' ]
36 verbose addNamed [ '1.4.4', '1.4.4' ]
37 silly lockFile 3503a255-socket-io-1-4-4 socket.io@1.4.4
38 verbose lock socket.io@1.4.4 /home/ubuntu/.npm/3503a255-socket-io-1-4-4.lock
39 silly lockFile b8ed2ada-rg-socket-io-socket-io-1-4-4-tgz https://registry.npmjs.org/socket.io/-/socket.io-1.4.4.tgz
40 verbose lock https://registry.npmjs.org/socket.io/-/socket.io-1.4.4.tgz /home/ubuntu/.npm/b8ed2ada-rg-socket-io-socket-io-1-4-4-tgz.lock
41 verbose addRemoteTarball [ 'https://registry.npmjs.org/socket.io/-/socket.io-1.4.4.tgz',
41 verbose addRemoteTarball   '24b3e19ca15ee21cb7d9203d831f9b65a9f14bbd' ]
42 info retry fetch attempt 1 at 11:36:27
43 verbose fetch to= /tmp/npm-677-ms-vbjZ9/registry.npmjs.org/socket.io/-/socket.io-1.4.4.tgz
44 http GET https://registry.npmjs.org/socket.io/-/socket.io-1.4.4.tgz
45 http 200 https://registry.npmjs.org/socket.io/-/socket.io-1.4.4.tgz
46 silly lockFile b8ed2ada-rg-socket-io-socket-io-1-4-4-tgz https://registry.npmjs.org/socket.io/-/socket.io-1.4.4.tgz
47 silly lockFile b8ed2ada-rg-socket-io-socket-io-1-4-4-tgz https://registry.npmjs.org/socket.io/-/socket.io-1.4.4.tgz
48 silly lockFile 3503a255-socket-io-1-4-4 socket.io@1.4.4
49 silly lockFile 3503a255-socket-io-1-4-4 socket.io@1.4.4
50 silly lockFile c03de861-socket-io socket.io@
51 silly lockFile c03de861-socket-io socket.io@
52 error Error: EACCES, mkdir '/home/ubuntu/.npm/socket.io/1.4.4'
52 error  { [Error: EACCES, mkdir '/home/ubuntu/.npm/socket.io/1.4.4']
52 error   errno: 3,
52 error   code: 'EACCES',
52 error   path: '/home/ubuntu/.npm/socket.io/1.4.4',
52 error   parent: 'agar-bots' }
53 error Please try running this command again as root/Administrator.
54 error System Linux 4.2.0-c9
55 error command "/home/ubuntu/.nvm/v0.10.35/bin/node" "/home/ubuntu/.nvm/v0.10.35/bin/npm" "install" "--save" "socket.io"
56 error cwd /home/ubuntu/workspace/nodejs
57 error node -v v0.10.35
58 error npm -v 1.4.28
59 error path /home/ubuntu/.npm/socket.io/1.4.4
60 error code EACCES
61 error errno 3
62 error stack Error: EACCES, mkdir '/home/ubuntu/.npm/socket.io/1.4.4'
63 verbose exit [ 3, true ]
